2025-09-24 23:05:23,835 | INFO | pipeline | === PIPELINE (notebooks) INICIADO ===
2025-09-24 23:05:23,835 | WARNING | pipeline | No encontrado: notebooks/Preprocessing2.ipynb (saltando)
2025-09-24 23:05:23,835 | WARNING | pipeline | No encontrado: notebooks/Modelo2.ipynb (saltando)
2025-09-24 23:05:23,835 | WARNING | pipeline | No encontrado: notebooks/prediccion_ataques2.ipynb (saltando)
2025-09-24 23:05:23,835 | INFO | pipeline | === PIPELINE (notebooks) FINALIZADO ===
2025-09-24 23:06:00,947 | INFO | pipeline | === PIPELINE (notebooks) INICIADO ===
2025-09-24 23:06:00,947 | WARNING | pipeline | No encontrado: notebooks/Preprocessing2.ipynb (saltando)
2025-09-24 23:06:00,947 | WARNING | pipeline | No encontrado: notebooks/Modelo2.ipynb (saltando)
2025-09-24 23:06:00,947 | WARNING | pipeline | No encontrado: notebooks/prediccion_ataques2.ipynb (saltando)
2025-09-24 23:06:00,947 | INFO | pipeline | === PIPELINE (notebooks) FINALIZADO ===
2025-09-24 23:08:16,042 | INFO | pipeline | === PIPELINE (notebooks) INICIADO ===
2025-09-24 23:08:16,042 | INFO | pipeline | Ejecutando: notebooks/Preprocessing2.ipynb
2025-09-24 23:08:16,042 | INFO | papermill | Input Notebook:  notebooks/Preprocessing2.ipynb
2025-09-24 23:08:16,042 | INFO | papermill | Output Notebook: notebooks/Preprocessing2.executed.ipynb
2025-09-24 23:08:16,072 | WARNING | papermill | Passed unknown parameter: RAW_DIR
2025-09-24 23:08:16,072 | WARNING | papermill | Passed unknown parameter: PROCESSED_DIR
2025-09-24 23:08:16,072 | WARNING | papermill | Passed unknown parameter: RANDOM_STATE
2025-09-24 23:08:16,135 | WARNING | papermill | Input notebook does not contain a cell with tag 'parameters'
2025-09-24 23:08:17,228 | INFO | papermill | Executing notebook with kernel: python3
2025-09-24 23:20:48,868 | INFO | pipeline | === PIPELINE (notebooks) INICIADO ===
2025-09-24 23:20:48,868 | INFO | pipeline | Ejecutando: notebooks/Preprocessing2.ipynb
2025-09-24 23:20:48,869 | INFO | papermill | Input Notebook:  notebooks/Preprocessing2.ipynb
2025-09-24 23:20:48,869 | INFO | papermill | Output Notebook: notebooks/Preprocessing2.executed.ipynb
2025-09-24 23:20:48,891 | WARNING | papermill | Passed unknown parameter: RAW_DIR
2025-09-24 23:20:48,891 | WARNING | papermill | Passed unknown parameter: PROCESSED_DIR
2025-09-24 23:20:48,891 | WARNING | papermill | Passed unknown parameter: RANDOM_STATE
2025-09-24 23:20:48,941 | WARNING | papermill | Input notebook does not contain a cell with tag 'parameters'
2025-09-24 23:20:49,926 | INFO | papermill | Executing notebook with kernel: python3
2025-09-24 23:20:59,833 | WARNING | pipeline | No encontrado: notebooks/Modelo2.ipynb (saltando)
2025-09-24 23:20:59,834 | INFO | pipeline | Ejecutando: notebooks/prediccion_ataques2.ipynb
2025-09-24 23:20:59,834 | INFO | papermill | Input Notebook:  notebooks/prediccion_ataques2.ipynb
2025-09-24 23:20:59,834 | INFO | papermill | Output Notebook: notebooks/prediccion_ataques2.executed.ipynb
2025-09-24 23:20:59,835 | WARNING | papermill | Passed unknown parameter: RAW_DIR
2025-09-24 23:20:59,835 | WARNING | papermill | Passed unknown parameter: PROCESSED_DIR
2025-09-24 23:20:59,835 | WARNING | papermill | Passed unknown parameter: RANDOM_STATE
2025-09-24 23:20:59,836 | WARNING | papermill | Input notebook does not contain a cell with tag 'parameters'
2025-09-24 23:21:00,673 | INFO | papermill | Executing notebook with kernel: python3
2025-09-24 23:29:12,902 | INFO | pipeline | === PIPELINE (notebooks) INICIADO ===
2025-09-24 23:29:12,902 | INFO | pipeline | Ejecutando: notebooks/Preprocessing2.ipynb
2025-09-24 23:29:12,902 | INFO | papermill | Input Notebook:  notebooks/Preprocessing2.ipynb
2025-09-24 23:29:12,902 | INFO | papermill | Output Notebook: notebooks/Preprocessing2.executed.ipynb
2025-09-24 23:29:12,928 | WARNING | papermill | Passed unknown parameter: RAW_DIR
2025-09-24 23:29:12,928 | WARNING | papermill | Passed unknown parameter: PROCESSED_DIR
2025-09-24 23:29:12,928 | WARNING | papermill | Passed unknown parameter: RANDOM_STATE
2025-09-24 23:29:12,975 | WARNING | papermill | Input notebook does not contain a cell with tag 'parameters'
2025-09-24 23:29:13,842 | INFO | papermill | Executing notebook with kernel: python3
2025-09-24 23:29:23,502 | WARNING | pipeline | No encontrado: notebooks/Modelo2.ipynb (saltando)
2025-09-24 23:29:23,502 | INFO | pipeline | Ejecutando: notebooks/prediccion_ataques2.ipynb
2025-09-24 23:29:23,502 | INFO | papermill | Input Notebook:  notebooks/prediccion_ataques2.ipynb
2025-09-24 23:29:23,502 | INFO | papermill | Output Notebook: notebooks/prediccion_ataques2.executed.ipynb
2025-09-24 23:29:23,504 | WARNING | papermill | Passed unknown parameter: RAW_DIR
2025-09-24 23:29:23,504 | WARNING | papermill | Passed unknown parameter: PROCESSED_DIR
2025-09-24 23:29:23,504 | WARNING | papermill | Passed unknown parameter: RANDOM_STATE
2025-09-24 23:29:23,506 | WARNING | papermill | Input notebook does not contain a cell with tag 'parameters'
2025-09-24 23:29:24,330 | INFO | papermill | Executing notebook with kernel: python3
2025-09-24 23:36:50,340 | INFO | pipeline | === PIPELINE (notebooks) INICIADO ===
2025-09-24 23:36:50,340 | INFO | pipeline | Ejecutando: notebooks/Preprocessing2.ipynb
2025-09-24 23:36:50,340 | INFO | papermill | Input Notebook:  notebooks/Preprocessing2.ipynb
2025-09-24 23:36:50,340 | INFO | papermill | Output Notebook: notebooks/Preprocessing2.executed.ipynb
2025-09-24 23:36:50,368 | WARNING | papermill | Passed unknown parameter: RAW_DIR
2025-09-24 23:36:50,368 | WARNING | papermill | Passed unknown parameter: PROCESSED_DIR
2025-09-24 23:36:50,368 | WARNING | papermill | Passed unknown parameter: RANDOM_STATE
2025-09-24 23:36:50,418 | WARNING | papermill | Input notebook does not contain a cell with tag 'parameters'
2025-09-24 23:36:51,418 | INFO | papermill | Executing notebook with kernel: python3
2025-09-24 23:37:01,432 | INFO | pipeline | Ejecutando: notebooks/Modelado2.ipynb
2025-09-24 23:37:01,433 | INFO | papermill | Input Notebook:  notebooks/Modelado2.ipynb
2025-09-24 23:37:01,433 | INFO | papermill | Output Notebook: notebooks/Modelado2.executed.ipynb
2025-09-24 23:37:01,435 | WARNING | papermill | Passed unknown parameter: RAW_DIR
2025-09-24 23:37:01,435 | WARNING | papermill | Passed unknown parameter: PROCESSED_DIR
2025-09-24 23:37:01,435 | WARNING | papermill | Passed unknown parameter: RANDOM_STATE
2025-09-24 23:37:01,436 | WARNING | papermill | Input notebook does not contain a cell with tag 'parameters'
2025-09-24 23:37:01,439 | WARNING | traitlets | Kernelspec name tesis_kernel cannot be found!
2025-09-24 23:37:01,440 | ERROR | traitlets | No such kernel named tesis_kernel
Traceback (most recent call last):
  File "/opt/anaconda3/lib/python3.13/site-packages/jupyter_client/manager.py", line 87, in wrapper
    out = await method(self, *args, **kwargs)
          ^^^^^^^^^^^^^^^^^^^^^^^^^^^^^^^^^^^
  File "/opt/anaconda3/lib/python3.13/site-packages/jupyter_client/manager.py", line 435, in _async_start_kernel
    kernel_cmd, kw = await self._async_pre_start_kernel(**kw)
                     ^^^^^^^^^^^^^^^^^^^^^^^^^^^^^^^^^^^^^^^^
  File "/opt/anaconda3/lib/python3.13/site-packages/jupyter_client/manager.py", line 397, in _async_pre_start_kernel
    self.kernel_spec,
    ^^^^^^^^^^^^^^^^
  File "/opt/anaconda3/lib/python3.13/site-packages/jupyter_client/manager.py", line 195, in kernel_spec
    self._kernel_spec = self.kernel_spec_manager.get_kernel_spec(self.kernel_name)
                        ~~~~~~~~~~~~~~~~~~~~~~~~~~~~~~~~~~~~~~~~^^^^^^^^^^^^^^^^^^
  File "/opt/anaconda3/lib/python3.13/site-packages/jupyter_client/kernelspec.py", line 285, in get_kernel_spec
    raise NoSuchKernel(kernel_name)
jupyter_client.kernelspec.NoSuchKernel: No such kernel named tesis_kernel
2025-09-25 09:12:50,873 | INFO | pipeline | === PIPELINE (notebooks) INICIADO ===
2025-09-25 09:12:50,873 | INFO | pipeline | Ejecutando: notebooks/Preprocessing2.ipynb
2025-09-25 09:12:50,873 | INFO | papermill | Input Notebook:  notebooks/Preprocessing2.ipynb
2025-09-25 09:12:50,873 | INFO | papermill | Output Notebook: notebooks/Preprocessing2.executed.ipynb
2025-09-25 09:12:50,895 | WARNING | papermill | Passed unknown parameter: RAW_DIR
2025-09-25 09:12:50,895 | WARNING | papermill | Passed unknown parameter: PROCESSED_DIR
2025-09-25 09:12:50,895 | WARNING | papermill | Passed unknown parameter: RANDOM_STATE
2025-09-25 09:12:50,941 | WARNING | papermill | Input notebook does not contain a cell with tag 'parameters'
2025-09-25 09:12:51,841 | INFO | papermill | Executing notebook with kernel: python3
2025-09-25 09:13:01,719 | INFO | pipeline | Ejecutando: notebooks/Modelado2.ipynb
2025-09-25 09:13:01,720 | INFO | papermill | Input Notebook:  notebooks/Modelado2.ipynb
2025-09-25 09:13:01,720 | INFO | papermill | Output Notebook: notebooks/Modelado2.executed.ipynb
2025-09-25 09:13:01,721 | WARNING | papermill | Passed unknown parameter: RAW_DIR
2025-09-25 09:13:01,721 | WARNING | papermill | Passed unknown parameter: PROCESSED_DIR
2025-09-25 09:13:01,721 | WARNING | papermill | Passed unknown parameter: RANDOM_STATE
2025-09-25 09:13:01,723 | WARNING | papermill | Input notebook does not contain a cell with tag 'parameters'
2025-09-25 09:13:02,301 | INFO | papermill | Executing notebook with kernel: tesis_kernel
2025-09-25 09:21:47,195 | INFO | pipeline | === PIPELINE (notebooks) INICIADO ===
2025-09-25 09:21:47,196 | INFO | pipeline | Ejecutando: notebooks/Preprocessing2.ipynb
2025-09-25 09:21:47,196 | INFO | papermill | Input Notebook:  notebooks/Preprocessing2.ipynb
2025-09-25 09:21:47,196 | INFO | papermill | Output Notebook: notebooks/Preprocessing2.executed.ipynb
2025-09-25 09:21:47,226 | WARNING | papermill | Passed unknown parameter: RAW_DIR
2025-09-25 09:21:47,226 | WARNING | papermill | Passed unknown parameter: PROCESSED_DIR
2025-09-25 09:21:47,226 | WARNING | papermill | Passed unknown parameter: RANDOM_STATE
2025-09-25 09:21:47,275 | WARNING | papermill | Input notebook does not contain a cell with tag 'parameters'
2025-09-25 09:21:48,165 | INFO | papermill | Executing notebook with kernel: python3
2025-09-25 09:21:57,813 | INFO | pipeline | Ejecutando: notebooks/Modelado2.ipynb
2025-09-25 09:21:57,814 | INFO | papermill | Input Notebook:  notebooks/Modelado2.ipynb
2025-09-25 09:21:57,814 | INFO | papermill | Output Notebook: notebooks/Modelado2.executed.ipynb
2025-09-25 09:21:57,816 | WARNING | papermill | Passed unknown parameter: RAW_DIR
2025-09-25 09:21:57,816 | WARNING | papermill | Passed unknown parameter: PROCESSED_DIR
2025-09-25 09:21:57,816 | WARNING | papermill | Passed unknown parameter: RANDOM_STATE
2025-09-25 09:21:57,817 | WARNING | papermill | Input notebook does not contain a cell with tag 'parameters'
2025-09-25 09:21:58,639 | INFO | papermill | Executing notebook with kernel: tesis_kernel
2025-09-25 09:22:42,934 | INFO | pipeline | Ejecutando: notebooks/prediccion_ataques2.ipynb
2025-09-25 09:22:42,934 | INFO | papermill | Input Notebook:  notebooks/prediccion_ataques2.ipynb
2025-09-25 09:22:42,934 | INFO | papermill | Output Notebook: notebooks/prediccion_ataques2.executed.ipynb
2025-09-25 09:22:42,935 | WARNING | papermill | Passed unknown parameter: RAW_DIR
2025-09-25 09:22:42,935 | WARNING | papermill | Passed unknown parameter: PROCESSED_DIR
2025-09-25 09:22:42,935 | WARNING | papermill | Passed unknown parameter: RANDOM_STATE
2025-09-25 09:22:42,936 | WARNING | papermill | Input notebook does not contain a cell with tag 'parameters'
2025-09-25 09:22:43,850 | INFO | papermill | Executing notebook with kernel: python3
2025-09-25 09:51:38,006 | INFO | pipeline | === PIPELINE (notebooks) INICIADO ===
2025-09-25 09:51:38,006 | INFO | pipeline | Ejecutando: notebooks/Preprocessing2.ipynb
2025-09-25 09:51:38,006 | INFO | papermill | Input Notebook:  notebooks/Preprocessing2.ipynb
2025-09-25 09:51:38,006 | INFO | papermill | Output Notebook: notebooks/Preprocessing2.executed.ipynb
2025-09-25 09:51:38,034 | WARNING | papermill | Passed unknown parameter: RAW_DIR
2025-09-25 09:51:38,034 | WARNING | papermill | Passed unknown parameter: PROCESSED_DIR
2025-09-25 09:51:38,034 | WARNING | papermill | Passed unknown parameter: RANDOM_STATE
2025-09-25 09:51:38,088 | WARNING | papermill | Input notebook does not contain a cell with tag 'parameters'
2025-09-25 09:51:39,071 | INFO | papermill | Executing notebook with kernel: python3
2025-09-25 09:51:48,908 | INFO | pipeline | Ejecutando: notebooks/Modelado2.ipynb
2025-09-25 09:51:48,908 | INFO | papermill | Input Notebook:  notebooks/Modelado2.ipynb
2025-09-25 09:51:48,908 | INFO | papermill | Output Notebook: notebooks/Modelado2.executed.ipynb
2025-09-25 09:51:48,910 | WARNING | papermill | Passed unknown parameter: RAW_DIR
2025-09-25 09:51:48,910 | WARNING | papermill | Passed unknown parameter: PROCESSED_DIR
2025-09-25 09:51:48,910 | WARNING | papermill | Passed unknown parameter: RANDOM_STATE
2025-09-25 09:51:48,912 | WARNING | papermill | Input notebook does not contain a cell with tag 'parameters'
2025-09-25 09:51:49,733 | INFO | papermill | Executing notebook with kernel: tesis_kernel
2025-09-25 09:52:33,104 | INFO | pipeline | Ejecutando: notebooks/prediccion_ataques2.ipynb
2025-09-25 09:52:33,104 | INFO | papermill | Input Notebook:  notebooks/prediccion_ataques2.ipynb
2025-09-25 09:52:33,104 | INFO | papermill | Output Notebook: notebooks/prediccion_ataques2.executed.ipynb
2025-09-25 09:52:33,105 | WARNING | papermill | Passed unknown parameter: RAW_DIR
2025-09-25 09:52:33,105 | WARNING | papermill | Passed unknown parameter: PROCESSED_DIR
2025-09-25 09:52:33,105 | WARNING | papermill | Passed unknown parameter: RANDOM_STATE
2025-09-25 09:52:33,106 | WARNING | papermill | Input notebook does not contain a cell with tag 'parameters'
2025-09-25 09:52:34,020 | INFO | papermill | Executing notebook with kernel: python3
2025-09-25 10:29:19,526 | INFO | pipeline | === PIPELINE (notebooks) INICIADO ===
2025-09-25 10:29:19,527 | INFO | pipeline | Ejecutando: notebooks/Preprocessing2.ipynb
2025-09-25 10:29:19,527 | INFO | papermill | Input Notebook:  notebooks/Preprocessing2.ipynb
2025-09-25 10:29:19,527 | INFO | papermill | Output Notebook: notebooks/Preprocessing2.executed.ipynb
2025-09-25 10:29:19,554 | WARNING | papermill | Passed unknown parameter: RAW_DIR
2025-09-25 10:29:19,554 | WARNING | papermill | Passed unknown parameter: PROCESSED_DIR
2025-09-25 10:29:19,554 | WARNING | papermill | Passed unknown parameter: RANDOM_STATE
2025-09-25 10:29:19,606 | WARNING | papermill | Input notebook does not contain a cell with tag 'parameters'
2025-09-25 10:29:20,603 | INFO | papermill | Executing notebook with kernel: python3
2025-09-25 10:29:30,503 | INFO | pipeline | Ejecutando: notebooks/Modelado2.ipynb
2025-09-25 10:29:30,504 | INFO | papermill | Input Notebook:  notebooks/Modelado2.ipynb
2025-09-25 10:29:30,504 | INFO | papermill | Output Notebook: notebooks/Modelado2.executed.ipynb
2025-09-25 10:29:30,505 | WARNING | papermill | Passed unknown parameter: RAW_DIR
2025-09-25 10:29:30,505 | WARNING | papermill | Passed unknown parameter: PROCESSED_DIR
2025-09-25 10:29:30,505 | WARNING | papermill | Passed unknown parameter: RANDOM_STATE
2025-09-25 10:29:30,507 | WARNING | papermill | Input notebook does not contain a cell with tag 'parameters'
2025-09-25 10:29:31,336 | INFO | papermill | Executing notebook with kernel: tesis_kernel
2025-09-25 10:30:15,063 | INFO | pipeline | Ejecutando: notebooks/prediccion_ataques2.ipynb
2025-09-25 10:30:15,063 | INFO | papermill | Input Notebook:  notebooks/prediccion_ataques2.ipynb
2025-09-25 10:30:15,063 | INFO | papermill | Output Notebook: notebooks/prediccion_ataques2.executed.ipynb
2025-09-25 10:30:15,064 | WARNING | papermill | Passed unknown parameter: RAW_DIR
2025-09-25 10:30:15,064 | WARNING | papermill | Passed unknown parameter: PROCESSED_DIR
2025-09-25 10:30:15,064 | WARNING | papermill | Passed unknown parameter: RANDOM_STATE
2025-09-25 10:30:15,066 | WARNING | papermill | Input notebook does not contain a cell with tag 'parameters'
2025-09-25 10:30:15,980 | INFO | papermill | Executing notebook with kernel: python3
2025-09-25 10:34:58,677 | INFO | pipeline | === PIPELINE (notebooks) INICIADO ===
2025-09-25 10:34:58,677 | INFO | pipeline | Ejecutando: notebooks/Preprocessing2.ipynb
2025-09-25 10:34:58,677 | INFO | papermill | Input Notebook:  notebooks/Preprocessing2.ipynb
2025-09-25 10:34:58,677 | INFO | papermill | Output Notebook: notebooks/Preprocessing2.executed.ipynb
2025-09-25 10:34:58,698 | WARNING | papermill | Passed unknown parameter: RAW_DIR
2025-09-25 10:34:58,698 | WARNING | papermill | Passed unknown parameter: PROCESSED_DIR
2025-09-25 10:34:58,699 | WARNING | papermill | Passed unknown parameter: RANDOM_STATE
2025-09-25 10:34:58,764 | WARNING | papermill | Input notebook does not contain a cell with tag 'parameters'
2025-09-25 10:34:59,616 | INFO | papermill | Executing notebook with kernel: python3
2025-09-25 10:35:09,244 | INFO | pipeline | Ejecutando: notebooks/Modelado2.ipynb
2025-09-25 10:35:09,244 | INFO | papermill | Input Notebook:  notebooks/Modelado2.ipynb
2025-09-25 10:35:09,244 | INFO | papermill | Output Notebook: notebooks/Modelado2.executed.ipynb
2025-09-25 10:35:09,245 | WARNING | papermill | Passed unknown parameter: RAW_DIR
2025-09-25 10:35:09,246 | WARNING | papermill | Passed unknown parameter: PROCESSED_DIR
2025-09-25 10:35:09,246 | WARNING | papermill | Passed unknown parameter: RANDOM_STATE
2025-09-25 10:35:09,247 | WARNING | papermill | Input notebook does not contain a cell with tag 'parameters'
2025-09-25 10:35:09,827 | INFO | papermill | Executing notebook with kernel: tesis_kernel
2025-09-25 10:35:53,492 | INFO | pipeline | Ejecutando: notebooks/prediccion_ataques2.ipynb
2025-09-25 10:35:53,492 | INFO | papermill | Input Notebook:  notebooks/prediccion_ataques2.ipynb
2025-09-25 10:35:53,492 | INFO | papermill | Output Notebook: notebooks/prediccion_ataques2.executed.ipynb
2025-09-25 10:35:53,493 | WARNING | papermill | Passed unknown parameter: RAW_DIR
2025-09-25 10:35:53,493 | WARNING | papermill | Passed unknown parameter: PROCESSED_DIR
2025-09-25 10:35:53,493 | WARNING | papermill | Passed unknown parameter: RANDOM_STATE
2025-09-25 10:35:53,494 | WARNING | papermill | Input notebook does not contain a cell with tag 'parameters'
2025-09-25 10:35:54,374 | INFO | papermill | Executing notebook with kernel: python3
2025-09-25 10:36:08,245 | INFO | pipeline | === PIPELINE (notebooks) FINALIZADO ===
2025-09-25 10:51:17,438 | INFO | pipeline | === PIPELINE (notebooks) INICIADO ===
2025-09-25 10:51:17,438 | INFO | pipeline | Ejecutando: notebooks/Preprocessing2.ipynb
2025-09-25 10:51:17,439 | INFO | papermill | Input Notebook:  notebooks/Preprocessing2.ipynb
2025-09-25 10:51:17,439 | INFO | papermill | Output Notebook: notebooks/Preprocessing2.executed.ipynb
2025-09-25 10:51:17,475 | WARNING | papermill | Passed unknown parameter: RAW_DIR
2025-09-25 10:51:17,475 | WARNING | papermill | Passed unknown parameter: PROCESSED_DIR
2025-09-25 10:51:17,476 | WARNING | papermill | Passed unknown parameter: RANDOM_STATE
2025-09-25 10:51:17,526 | WARNING | papermill | Input notebook does not contain a cell with tag 'parameters'
2025-09-25 10:51:18,529 | INFO | papermill | Executing notebook with kernel: python3
2025-09-25 10:51:28,566 | INFO | pipeline | Ejecutando: notebooks/Modelado2.ipynb
2025-09-25 10:51:28,567 | INFO | papermill | Input Notebook:  notebooks/Modelado2.ipynb
2025-09-25 10:51:28,567 | INFO | papermill | Output Notebook: notebooks/Modelado2.executed.ipynb
2025-09-25 10:51:28,568 | WARNING | papermill | Passed unknown parameter: RAW_DIR
2025-09-25 10:51:28,568 | WARNING | papermill | Passed unknown parameter: PROCESSED_DIR
2025-09-25 10:51:28,568 | WARNING | papermill | Passed unknown parameter: RANDOM_STATE
2025-09-25 10:51:28,570 | WARNING | papermill | Input notebook does not contain a cell with tag 'parameters'
2025-09-25 10:51:29,388 | INFO | papermill | Executing notebook with kernel: tesis_kernel
2025-09-25 10:52:13,727 | INFO | pipeline | Ejecutando: notebooks/prediccion_ataques2.ipynb
2025-09-25 10:52:13,727 | INFO | papermill | Input Notebook:  notebooks/prediccion_ataques2.ipynb
2025-09-25 10:52:13,727 | INFO | papermill | Output Notebook: notebooks/prediccion_ataques2.executed.ipynb
2025-09-25 10:52:13,729 | WARNING | papermill | Passed unknown parameter: RAW_DIR
2025-09-25 10:52:13,729 | WARNING | papermill | Passed unknown parameter: PROCESSED_DIR
2025-09-25 10:52:13,729 | WARNING | papermill | Passed unknown parameter: RANDOM_STATE
2025-09-25 10:52:13,730 | WARNING | papermill | Input notebook does not contain a cell with tag 'parameters'
2025-09-25 10:52:14,648 | INFO | papermill | Executing notebook with kernel: python3
2025-09-25 10:52:28,235 | INFO | pipeline | === PIPELINE (notebooks) FINALIZADO ===
